Fri 12 Aug 2022 01:07:25 PM UTC: 
 exercises.c | 10 ++++++++--
 1 file changed, 8 insertions(+), 2 deletions(-)
 tests:  1|6
total_score: 10/70
bf268ec
Fri 12 Aug 2022 01:11:07 PM UTC: 
 exercises.c | 8 ++++----
 1 file changed, 4 insertions(+), 4 deletions(-)
In file included from test.c:5:
exercises.c: In function ‘sumaNultimos’:
exercises.c:40:20: error: expected expression before ‘)’ token
   40 |   *suma = sumaN(a, );
      |                    ^
Compilation failed
bdb8bc5
Fri 12 Aug 2022 01:11:16 PM UTC: 
 exercises.c | 2 +-
 1 file changed, 1 insertion(+), 1 deletion(-)
 tests:  1|6
total_score: 10/70
3104215
Fri 12 Aug 2022 01:15:37 PM UTC: 
 exercises.c | 5 ++---
 1 file changed, 2 insertions(+), 3 deletions(-)
In file included from test.c:5:
exercises.c: In function ‘crearPersona’:
exercises.c:58:11: error: ‘p’ undeclared (first use in this function)
   58 |    strcpy(p[0].nombre, nombre);
      |           ^
exercises.c:58:11: note: each undeclared identifier is reported only once for each function it appears in
exercises.c: In function ‘crearVector’:
exercises.c:80:11: error: returning ‘int *’ from a function with incompatible return type ‘Vector *’ [-Werror=incompatible-pointer-types]
   80 |    return v;
      |           ^
cc1: all warnings being treated as errors
Compilation failed
9178e0a
Fri 12 Aug 2022 01:15:47 PM UTC: 
 exercises.c | 2 +-
 1 file changed, 1 insertion(+), 1 deletion(-)
In file included from test.c:5:
exercises.c: In function ‘crearPersona’:
exercises.c:58:11: error: ‘p’ undeclared (first use in this function)
   58 |    strcpy(p[0].nombre, nombre);
      |           ^
exercises.c:58:11: note: each undeclared identifier is reported only once for each function it appears in
exercises.c: In function ‘crearVector’:
exercises.c:79:12: error: initialization of ‘int’ from ‘void *’ makes integer from pointer without a cast [-Werror=int-conversion]
   79 |    int v = calloc(n, sizeof(int));
      |            ^~~~~~
exercises.c:80:11: error: returning ‘int’ from a function with return type ‘Vector *’ makes pointer from integer without a cast [-Werror=int-conversion]
   80 |    return v;
      |           ^
cc1: all warnings being treated as errors
Compilation failed
4f14f7a
Fri 12 Aug 2022 01:17:01 PM UTC: 
 exercises.c | 8 +++++++-
 1 file changed, 7 insertions(+), 1 deletion(-)
In file included from test.c:5:
exercises.c: In function ‘crearPersona’:
exercises.c:58:11: error: ‘p’ undeclared (first use in this function)
   58 |    strcpy(p[0].nombre, nombre);
      |           ^
exercises.c:58:11: note: each undeclared identifier is reported only once for each function it appears in
exercises.c: In function ‘crearVector’:
exercises.c:86:11: error: returning ‘int *’ from a function with incompatible return type ‘Vector *’ [-Werror=incompatible-pointer-types]
   86 |    return v;
      |           ^
exercises.c:86:11: error: function returns address of local variable [-Werror=return-local-addr]
cc1: all warnings being treated as errors
Compilation failed
cdfd35b
Fri 12 Aug 2022 01:17:52 PM UTC: 
 exercises.c | 8 +-------
 1 file changed, 1 insertion(+), 7 deletions(-)
In file included from test.c:5:
exercises.c: In function ‘crearPersona’:
exercises.c:58:11: error: ‘p’ undeclared (first use in this function)
   58 |    strcpy(p[0].nombre, nombre);
      |           ^
exercises.c:58:11: note: each undeclared identifier is reported only once for each function it appears in
Compilation failed
335a25e
Fri 12 Aug 2022 01:26:06 PM UTC: 
 exercises.c | 4 +++-
 1 file changed, 3 insertions(+), 1 deletion(-)
In file included from test.c:5:
exercises.c: In function ‘crearPersona’:
exercises.c:58:16: error: invalid initializer
   58 |    Persona p = malloc(1 * sizeof(int));
      |                ^~~~~~
exercises.c:60:12: error: subscripted value is neither array nor pointer nor vector
   60 |    strcpy(p[0].nombre, nombre);
      |            ^
exercises.c:61:12: error: subscripted value is neither array nor pointer nor vector
   61 |    strcpy(p[0].rut, rut);
      |            ^
exercises.c:62:5: error: subscripted value is neither array nor pointer nor vector
   62 |    p[0].edad = edad;
      |     ^
exercises.c:64:11: error: invalid type argument of unary ‘*’ (have ‘Persona’)
   64 |    return *p;
      |           ^~
exercises.c:65:1: error: control reaches end of non-void function [-Werror=return-type]
   65 | }
      | ^
cc1: all warnings being treated as errors
Compilation failed
d9c0520
Fri 12 Aug 2022 01:26:18 PM UTC: 
 exercises.c | 2 +-
 1 file changed, 1 insertion(+), 1 deletion(-)
In file included from test.c:5:
exercises.c: In function ‘crearPersona’:
exercises.c:64:11: error: incompatible types when returning type ‘Persona’ but ‘Persona *’ was expected
   64 |    return *p;
      |           ^~
exercises.c:65:1: error: control reaches end of non-void function [-Werror=return-type]
   65 | }
      | ^
cc1: all warnings being treated as errors
Compilation failed
211d32e
Fri 12 Aug 2022 01:26:37 PM UTC: 
 exercises.c | 2 +-
 1 file changed, 1 insertion(+), 1 deletion(-)
In file included from /nix/store/iwd8ic5hhwdxn5dga0im55g5hjl270cd-glibc-2.33-47-dev/include/string.h:519,
                 from test.c:3:
In function ‘strcpy’,
    inlined from ‘crearPersona’ at exercises.c:61:4:
/nix/store/iwd8ic5hhwdxn5dga0im55g5hjl270cd-glibc-2.33-47-dev/include/bits/string_fortified.h:79:10: error: ‘__builtin___strcpy_chk’ offset 30 is out of the bounds [0, 4] [-Werror=array-bounds]
   79 |   return __builtin___strcpy_chk (__dest, __src, __glibc_objsize (__dest));
      |          ^~~~~~~~~~~~~~~~~~~~~~~~~~~~~~~~~~~~~~~~~~~~~~~~~~~~~~~~~~~~~~~~
cc1: all warnings being treated as errors
Compilation failed
5a407c9
Sun 14 Aug 2022 12:12:08 AM UTC: 
 exercises.c | 11 ++++++-----
 1 file changed, 6 insertions(+), 5 deletions(-)
In file included from test.c:5:
exercises.c: In function ‘crearVector’:
exercises.c:81:33: error: ‘largo’ undeclared (first use in this function)
   81 |    Vector *v = (Vector*) calloc(largo, sizeof(int)));
      |                                 ^~~~~
exercises.c:81:33: note: each undeclared identifier is reported only once for each function it appears in
exercises.c:81:52: error: expected ‘,’ or ‘;’ before ‘)’ token
   81 |    Vector *v = (Vector*) calloc(largo, sizeof(int)));
      |                                                    ^
exercises.c:83:11: error: incompatible types when returning type ‘Vector’ but ‘Vector *’ was expected
   83 |    return *v;
      |           ^~
exercises.c:84:1: error: control reaches end of non-void function [-Werror=return-type]
   84 | }
      | ^
cc1: all warnings being treated as errors
Compilation failed
2e54ade
Sun 14 Aug 2022 12:12:17 AM UTC: 
 exercises.c | 2 +-
 1 file changed, 1 insertion(+), 1 deletion(-)
In file included from test.c:5:
exercises.c: In function ‘crearVector’:
exercises.c:81:48: error: expected ‘,’ or ‘;’ before ‘)’ token
   81 |    Vector *v = (Vector*) calloc(n, sizeof(int)));
      |                                                ^
exercises.c:83:11: error: incompatible types when returning type ‘Vector’ but ‘Vector *’ was expected
   83 |    return *v;
      |           ^~
exercises.c:84:1: error: control reaches end of non-void function [-Werror=return-type]
   84 | }
      | ^
cc1: all warnings being treated as errors
Compilation failed
4f97568
Sun 14 Aug 2022 12:12:33 AM UTC: 
 exercises.c | 2 +-
 1 file changed, 1 insertion(+), 1 deletion(-)
In file included from test.c:5:
exercises.c: In function ‘crearVector’:
exercises.c:83:11: error: incompatible types when returning type ‘Vector’ but ‘Vector *’ was expected
   83 |    return *v;
      |           ^~
exercises.c:84:1: error: control reaches end of non-void function [-Werror=return-type]
   84 | }
      | ^
cc1: all warnings being treated as errors
Compilation failed
18127fd
Sun 14 Aug 2022 12:14:10 AM UTC: 
 exercises.c | 2 +-
 1 file changed, 1 insertion(+), 1 deletion(-)
 tests:  2|5
total_score: 20/70
7c5cb17
Sun 14 Aug 2022 12:25:10 AM UTC: 
 exercises.c | 2 +-
 1 file changed, 1 insertion(+), 1 deletion(-)
In file included from test.c:5:
exercises.c: In function ‘crearVector’:
exercises.c:81:26: error: too few arguments to function ‘calloc’
   81 |    Vector *v = (Vector*) calloc(sizeof(n));
      |                          ^~~~~~
In file included from test.c:2:
/nix/store/iwd8ic5hhwdxn5dga0im55g5hjl270cd-glibc-2.33-47-dev/include/stdlib.h:542:14: note: declared here
  542 | extern void *calloc (size_t __nmemb, size_t __size)
      |              ^~~~~~
Compilation failed
ef1d113
Sun 14 Aug 2022 12:35:49 AM UTC: 
 exercises.c | 5 +++--
 1 file changed, 3 insertions(+), 2 deletions(-)
In file included from test.c:5:
exercises.c: In function ‘crearVector’:
exercises.c:85:1: error: control reaches end of non-void function [-Werror=return-type]
   85 | }
      | ^
cc1: all warnings being treated as errors
Compilation failed
fd98677
Sun 14 Aug 2022 12:36:04 AM UTC: 
 exercises.c | 4 ++--
 1 file changed, 2 insertions(+), 2 deletions(-)
 tests:  2|5
total_score: 20/70
6f75d50
Sun 14 Aug 2022 12:37:50 AM UTC: 
 exercises.c | 2 +-
 1 file changed, 1 insertion(+), 1 deletion(-)
In file included from test.c:5:
exercises.c: In function ‘sumaNultimos’:
exercises.c:40:25: error: called object ‘suma’ is not a function or function pointer
   40 |   *suma = sumaN(a, n) - suma(a, n - m);
      |                         ^~~~
exercises.c:39:48: note: declared here
   39 | void sumaNultimos(int a[], int n, int m, int * suma) {
      |                                          ~~~~~~^~~~
Compilation failed
e2c49e8
Sun 14 Aug 2022 12:37:56 AM UTC: 
 exercises.c | 2 +-
 1 file changed, 1 insertion(+), 1 deletion(-)
 tests:  3|4
total_score: 30/70
0be8aad
Sun 14 Aug 2022 12:38:16 AM UTC: 
 exercises.c | 2 +-
 1 file changed, 1 insertion(+), 1 deletion(-)
 tests:  2|5
total_score: 20/70
c10b50d
Sun 14 Aug 2022 12:40:07 AM UTC: 
 exercises.c | 2 +-
 1 file changed, 1 insertion(+), 1 deletion(-)
 tests:  3|4
total_score: 30/70
4edb692
Sun 14 Aug 2022 12:43:14 AM UTC: 
 exercises.c | 7 ++++---
 1 file changed, 4 insertions(+), 3 deletions(-)
In file included from test.c:5:
exercises.c: In function ‘crearVector’:
exercises.c:81:28: error: too few arguments to function ‘calloc’
   81 |    Vector * v = (Vector *) calloc(sizeof(n));
      |                            ^~~~~~
In file included from test.c:2:
/nix/store/iwd8ic5hhwdxn5dga0im55g5hjl270cd-glibc-2.33-47-dev/include/stdlib.h:542:14: note: declared here
  542 | extern void *calloc (size_t __nmemb, size_t __size)
      |              ^~~~~~
Compilation failed
44fa038
Sun 14 Aug 2022 12:48:35 AM UTC: 
 exercises.c | 2 +-
 1 file changed, 1 insertion(+), 1 deletion(-)
 tests:  0|0
2efa5e3
Sun 14 Aug 2022 12:53:53 AM UTC: 
 exercises.c | 3 +--
 1 file changed, 1 insertion(+), 2 deletions(-)
 tests:  0|0
325d8a0
Sun 14 Aug 2022 12:56:03 AM UTC: 
 exercises.c | 4 ++++
 1 file changed, 4 insertions(+)
In file included from test.c:5:
exercises.c: In function ‘crearVector’:
exercises.c:84:9: error: expected identifier before ‘*’ token
   84 |      v->*(datos + i) = 0;
      |         ^
Compilation failed
07692fc
Sun 14 Aug 2022 12:56:14 AM UTC: 
 exercises.c | 2 +-
 1 file changed, 1 insertion(+), 1 deletion(-)
In file included from test.c:5:
exercises.c: In function ‘crearVector’:
exercises.c:84:9: error: expected identifier before ‘(’ token
   84 |      v->(*datos + i) = 0;
      |         ^
Compilation failed
d06cb6a
Sun 14 Aug 2022 12:59:13 AM UTC: 
 exercises.c | 7 ++++---
 1 file changed, 4 insertions(+), 3 deletions(-)
 tests:  3|4
total_score: 30/70
3a1f87c
Sun 14 Aug 2022 01:03:54 AM UTC: 
 exercises.c | 6 +++---
 1 file changed, 3 insertions(+), 3 deletions(-)
In file included from test.c:5:
exercises.c: In function ‘crearVector’:
exercises.c:85:9: error: expected identifier before ‘(’ token
   85 |      v->(*datos + i) = 0;
      |         ^
Compilation failed
3b6c8a0
Sun 14 Aug 2022 01:04:33 AM UTC: 
 exercises.c | 2 +-
 1 file changed, 1 insertion(+), 1 deletion(-)
In file included from test.c:5:
exercises.c: In function ‘crearVector’:
exercises.c:85:9: error: expected identifier before ‘(’ token
   85 |      v->(datos + i) = 0;
      |         ^
Compilation failed
cbc779b
Sun 14 Aug 2022 01:04:43 AM UTC: 
 exercises.c | 2 +-
 1 file changed, 1 insertion(+), 1 deletion(-)
 tests:  0|0
0f44c28
Sun 14 Aug 2022 01:05:01 AM UTC: 
 exercises.c | 2 +-
 1 file changed, 1 insertion(+), 1 deletion(-)
 tests:  0|0
ff9f988
Sun 14 Aug 2022 01:07:34 AM UTC: 
 exercises.c | 2 +-
 1 file changed, 1 insertion(+), 1 deletion(-)
In file included from test.c:5:
exercises.c: In function ‘crearVector’:
exercises.c:85:7: error: ‘Vector’ has no member named ‘v’
   85 |      v->v[i].datos  = 0;
      |       ^~
Compilation failed
cc3fd06
Sun 14 Aug 2022 01:08:39 AM UTC: 
 exercises.c | 3 ---
 1 file changed, 3 deletions(-)
 tests:  0|0
70622e8
Sun 14 Aug 2022 01:09:39 AM UTC: 
 exercises.c | 4 ++++
 1 file changed, 4 insertions(+)
 tests:  0|0
1ea8479
Sun 14 Aug 2022 01:17:04 AM UTC: 
 exercises.c | 2 +-
 1 file changed, 1 insertion(+), 1 deletion(-)
In file included from test.c:5:
exercises.c: In function ‘crearVector’:
exercises.c:85:10: error: expected identifier before ‘*’ token
   85 |       v->*datos[i] = 0;
      |          ^
Compilation failed
407ae43
Sun 14 Aug 2022 01:21:56 AM UTC: 
 exercises.c | 4 ++--
 1 file changed, 2 insertions(+), 2 deletions(-)
In file included from test.c:5:
exercises.c: In function ‘crearVector’:
exercises.c:85:7: error: ‘v’ undeclared (first use in this function)
   85 |       v->datos[i] = 0;
      |       ^
exercises.c:85:7: note: each undeclared identifier is reported only once for each function it appears in
exercises.c:82:13: error: unused variable ‘datos’ [-Werror=unused-variable]
   82 |    Vector * datos = (Vector *) calloc(n, sizeof(Vector));
      |             ^~~~~
exercises.c:91:1: error: control reaches end of non-void function [-Werror=return-type]
   91 | }
      | ^
cc1: all warnings being treated as errors
Compilation failed
296a416
Sun 14 Aug 2022 01:22:06 AM UTC: 
 exercises.c | 2 +-
 1 file changed, 1 insertion(+), 1 deletion(-)
In file included from test.c:5:
exercises.c: In function ‘crearVector’:
exercises.c:85:7: error: ‘v’ undeclared (first use in this function)
   85 |       v->datos[i] = 0;
      |       ^
exercises.c:85:7: note: each undeclared identifier is reported only once for each function it appears in
exercises.c:88:4: error: invalid type argument of unary ‘*’ (have ‘int’)
   88 |    *datos->capacidad = n;
      |    ^~~~~~~~~~~~~~~~~
exercises.c:91:1: error: control reaches end of non-void function [-Werror=return-type]
   91 | }
      | ^
cc1: all warnings being treated as errors
Compilation failed
698ca4c
Sun 14 Aug 2022 01:22:17 AM UTC: 
 exercises.c | 4 ++--
 1 file changed, 2 insertions(+), 2 deletions(-)
In file included from test.c:5:
exercises.c: In function ‘crearVector’:
exercises.c:88:4: error: invalid type argument of unary ‘*’ (have ‘int’)
   88 |    *datos->capacidad = n;
      |    ^~~~~~~~~~~~~~~~~
exercises.c:90:11: error: ‘v’ undeclared (first use in this function)
   90 |    return v;
      |           ^
exercises.c:90:11: note: each undeclared identifier is reported only once for each function it appears in
exercises.c:91:1: error: control reaches end of non-void function [-Werror=return-type]
   91 | }
      | ^
cc1: all warnings being treated as errors
Compilation failed
8577f44
Sun 14 Aug 2022 08:23:44 PM UTC: 
 exercises.c | 9 +++------
 1 file changed, 3 insertions(+), 6 deletions(-)
In file included from test.c:5:
exercises.c: In function ‘crearVector’:
exercises.c:84:4: error: ‘v’ undeclared (first use in this function)
   84 |    v->datos = malloc(sizeof(int));
      |    ^
exercises.c:84:4: note: each undeclared identifier is reported only once for each function it appears in
exercises.c:82:12: error: unused variable ‘p’ [-Werror=unused-variable]
   82 |    Vector* p = (Vector*) malloc(sizeof(Vector));
      |            ^
exercises.c:88:1: error: control reaches end of non-void function [-Werror=return-type]
   88 | }
      | ^
cc1: all warnings being treated as errors
Compilation failed
39b063f
Sun 14 Aug 2022 08:23:51 PM UTC: 
 exercises.c | 2 +-
 1 file changed, 1 insertion(+), 1 deletion(-)
 tests:  3|4
total_score: 30/70
dfb8e3e
Sun 14 Aug 2022 08:24:19 PM UTC: 
 exercises.c | 2 +-
 1 file changed, 1 insertion(+), 1 deletion(-)
In file included from test.c:5:
exercises.c: In function ‘crearVector’:
exercises.c:84:13: error: assignment to ‘int *’ from incompatible pointer type ‘Vector *’ [-Werror=incompatible-pointer-types]
   84 |    v->datos = (Vector*) malloc(sizeof(Vector));
      |             ^
cc1: all warnings being treated as errors
Compilation failed
6d3ffc4
Sun 14 Aug 2022 08:24:44 PM UTC: 
 exercises.c | 2 +-
 1 file changed, 1 insertion(+), 1 deletion(-)
 tests:  4|3
total_score: 40/70
ecce2a6
Sun 14 Aug 2022 08:28:47 PM UTC: 
 exercises.c | 4 ++--
 1 file changed, 2 insertions(+), 2 deletions(-)
 tests:  4|3
total_score: 40/70
d45db1d
Sun 14 Aug 2022 08:29:47 PM UTC: 
 exercises.c | 2 +-
 1 file changed, 1 insertion(+), 1 deletion(-)
 tests:  4|3
total_score: 40/70
ecfe7e6
Sun 14 Aug 2022 08:30:19 PM UTC: 
 exercises.c | 2 +-
 1 file changed, 1 insertion(+), 1 deletion(-)
 tests:  4|3
total_score: 40/70
b23da5e
Sun 14 Aug 2022 08:32:39 PM UTC: 
 exercises.c | 6 +++---
 1 file changed, 3 insertions(+), 3 deletions(-)
 tests:  4|3
total_score: 40/70
7544eb7
Sun 14 Aug 2022 08:45:17 PM UTC: 
 exercises.c | 17 ++++++++++++++++-
 1 file changed, 16 insertions(+), 1 deletion(-)
In file included from test.c:5:
exercises.c: In function ‘asignarValor’:
exercises.c:98:1: error: expected identifier before ‘}’ token
   98 | }
      | ^
exercises.c: In function ‘sumaV’:
exercises.c:120:11: error: invalid operands to binary + (have ‘int’ and ‘Vector’)
  120 |     sumaA += a[i];
      |           ^~ ~~~~
      |               |
      |               Vector
exercises.c:122:17: error: invalid operands to binary != (have ‘Vector’ and ‘void *’)
  122 |   } while (a[i] != NULL);
      |            ~~~~ ^~
      |             |
      |             Vector
exercises.c:125:11: error: invalid operands to binary + (have ‘int’ and ‘Vector’)
  125 |     sumaB += b[j];
      |           ^~ ~~~~
      |               |
      |               Vector
exercises.c:127:17: error: invalid operands to binary != (have ‘Vector’ and ‘void *’)
  127 |   } while (b[j] != NULL);
      |            ~~~~ ^~
      |             |
      |             Vector
exercises.c:129:9: error: incompatible types when assigning to type ‘Vector’ from type ‘int’
  129 |   * c = sumaA + sumaB;
      |         ^~~~~
Compilation failed
f074723
Sun 14 Aug 2022 09:24:25 PM UTC: 
 exercises.c | 17 +----------------
 1 file changed, 1 insertion(+), 16 deletions(-)
In file included from test.c:5:
exercises.c: In function ‘asignarValor’:
exercises.c:97:10: error: incompatible types when assigning to type ‘Vector’ from type ‘int’
   97 |   v[i] = valor;
      |          ^~~~~
Compilation failed
cf75774
Sun 14 Aug 2022 09:31:45 PM UTC: 
 exercises.c | 2 +-
 1 file changed, 1 insertion(+), 1 deletion(-)
In file included from test.c:5:
exercises.c: In function ‘asignarValor’:
exercises.c:97:3: error: aggregate value used where an integer was expected
   97 |   (int) v[i] = valor;
      |   ^
exercises.c:97:14: error: lvalue required as left operand of assignment
   97 |   (int) v[i] = valor;
      |              ^
Compilation failed
2b7a9be
Sun 14 Aug 2022 09:33:16 PM UTC: 
 exercises.c | 5 ++++-
 1 file changed, 4 insertions(+), 1 deletion(-)
In file included from test.c:5:
exercises.c: In function ‘asignarValor’:
exercises.c:97:3: error: aggregate value used where an integer was expected
   97 |   (int)v[i] = valor;
      |   ^
exercises.c:97:13: error: lvalue required as left operand of assignment
   97 |   (int)v[i] = valor;
      |             ^
exercises.c: In function ‘obtenerValor’:
exercises.c:108:11: error: incompatible types when assigning to type ‘int’ from type ‘Vector’
  108 |   valor = v[i];
      |           ^
Compilation failed
cd6bc3e
Sun 14 Aug 2022 09:33:34 PM UTC: 
 exercises.c | 2 +-
 1 file changed, 1 insertion(+), 1 deletion(-)
In file included from test.c:5:
exercises.c: In function ‘asignarValor’:
exercises.c:97:3: error: aggregate value used where an integer was expected
   97 |   (int)v[i] = valor;
      |   ^
exercises.c:97:13: error: lvalue required as left operand of assignment
   97 |   (int)v[i] = valor;
      |             ^
exercises.c: In function ‘obtenerValor’:
exercises.c:108:11: error: invalid type argument of unary ‘*’ (have ‘Vector’)
  108 |   valor = *v[i];
      |           ^~~~~
Compilation failed
44cb6a3
Sun 14 Aug 2022 09:33:54 PM UTC: 
 exercises.c | 5 +----
 1 file changed, 1 insertion(+), 4 deletions(-)
In file included from test.c:5:
exercises.c: In function ‘asignarValor’:
exercises.c:97:3: error: aggregate value used where an integer was expected
   97 |   (int)v[i] = valor;
      |   ^
exercises.c:97:13: error: lvalue required as left operand of assignment
   97 |   (int)v[i] = valor;
      |             ^
exercises.c: In function ‘obtenerValor’:
exercises.c:106:10: error: invalid type argument of unary ‘*’ (have ‘Vector’)
  106 |   return *v[i];
      |          ^~~~~
exercises.c:107:1: error: control reaches end of non-void function [-Werror=return-type]
  107 | }
      | ^
cc1: all warnings being treated as errors
Compilation failed
c7d7bab
Sun 14 Aug 2022 09:34:05 PM UTC: 
 exercises.c | 2 +-
 1 file changed, 1 insertion(+), 1 deletion(-)
In file included from test.c:5:
exercises.c: In function ‘asignarValor’:
exercises.c:97:3: error: aggregate value used where an integer was expected
   97 |   (int)v[i] = valor;
      |   ^
exercises.c:97:13: error: lvalue required as left operand of assignment
   97 |   (int)v[i] = valor;
      |             ^
exercises.c: In function ‘obtenerValor’:
exercises.c:106:11: error: incompatible types when returning type ‘Vector’ but ‘int’ was expected
  106 |   return v[i];
      |          ~^~~
exercises.c:107:1: error: control reaches end of non-void function [-Werror=return-type]
  107 | }
      | ^
cc1: all warnings being treated as errors
Compilation failed
e7d8085
Sun 14 Aug 2022 09:41:35 PM UTC: 
 exercises.c | 3 +--
 1 file changed, 1 insertion(+), 2 deletions(-)
 tests:  4|3
total_score: 40/70
26dae48
Sun 14 Aug 2022 09:52:29 PM UTC: 
 exercises.c | 2 +-
 1 file changed, 1 insertion(+), 1 deletion(-)
 tests:  4|3
total_score: 40/70
219d4cc
Sun 14 Aug 2022 09:54:37 PM UTC: 
 exercises.c | 2 +-
 1 file changed, 1 insertion(+), 1 deletion(-)
 tests:  3|4
total_score: 30/70
9894ad0
Sun 14 Aug 2022 09:54:48 PM UTC: 
 exercises.c | 2 +-
 1 file changed, 1 insertion(+), 1 deletion(-)
 tests:  6|2
total_score: 50/70
6765842
Sun 14 Aug 2022 10:55:19 PM UTC: 
 exercises.c | 2 +-
 1 file changed, 1 insertion(+), 1 deletion(-)
 tests:  3|4
total_score: 30/70
bac8125
Sun 14 Aug 2022 10:55:30 PM UTC: 
 exercises.c | 2 +-
 1 file changed, 1 insertion(+), 1 deletion(-)
 tests:  4|3
total_score: 40/70
ce25fd2
Sun 14 Aug 2022 10:58:08 PM UTC: 
 exercises.c | 1 +
 1 file changed, 1 insertion(+)
 tests:  4|3
total_score: 40/70
9406308
